Android/AidlDemoASVirus/app/build/outputs/logs/manifest-merger-debug-report.txt
-- Merging decision tree log ---
manifest
ADDED from src/main/AndroidManifest.xml:2:1-32:12
INJECTED from src/main/AndroidManifest.xml:2:1-32:12
INJECTED from src/main/AndroidManifest.xml:2:1-32:12
INJECTED from src/main/AndroidManifest.xml:2:1-32:12
INJECTED from src/main/AndroidManifest.xml:2:1-32:12
INJECTED from src/main/AndroidManifest.xml:2:1-32:12
INJECTED from src/main/AndroidManifest.xml:2:1-32:12
	package
		ADDED from src/main/AndroidManifest.xml:3:5-34
		INJECTED from src/main/AndroidManifest.xml
		INJECTED from src/main/AndroidManifest.xml
	android:versionName
		ADDED from src/main/AndroidManifest.xml:5:5-30
		INJECTED from src/main/AndroidManifest.xml
		INJECTED from src/main/AndroidManifest.xml
	xmlns:android
		ADDED from src/main/AndroidManifest.xml:2:11-69
	android:versionCode
		ADDED from src/main/AndroidManifest.xml:4:5-28
		INJECTED from src/main/AndroidManifest.xml
		INJECTED from src/main/AndroidManifest.xml
uses-sdk
ADDED from src/main/AndroidManifest.xml:7:5-44
INJECTED from src/main/AndroidManifest.xml:7:5-44
INJECTED from src/main/AndroidManifest.xml:7:5-44
INJECTED from src/main/AndroidManifest.xml:7:5-44
INJECTED from src/main/AndroidManifest.xml:7:5-44
	android:targetSdkVersion
		INJECTED from src/main/AndroidManifest.xml
		ADDED from src/main/AndroidManifest.xml:7:5-44
		INJECTED from src/main/AndroidManifest.xml
	android:minSdkVersion
		ADDED from src/main/AndroidManifest.xml:7:15-41
		INJECTED from src/main/AndroidManifest.xml
		INJECTED from src/main/AndroidManifest.xml
uses-permission#android.permission.WRITE_EXTERNAL_STORAGE
ADDED from src/main/AndroidManifest.xml:9:5-81
	android:name
		ADDED from src/main/AndroidManifest.xml:9:22-78
uses-permission#android.permission.READ_PHONE_STATE
ADDED from src/main/AndroidManifest.xml:10:5-75
	android:name
		ADDED from src/main/AndroidManifest.xml:10:22-72
uses-permission#android.permission.READ_EXTERNAL_STORAGE
ADDED from src/main/AndroidManifest.xml:11:5-80
	android:name
		ADDED from src/main/AndroidManifest.xml:11:22-77
application
ADDED from src/main/AndroidManifest.xml:13:5-30:19
	android:label
		ADDED from src/main/AndroidManifest.xml:15:9-41
	android:icon
		ADDED from src/main/AndroidManifest.xml:14:9-45
activity#com.archermind.aidl.AidlDemoActivity
ADDED from src/main/AndroidManifest.xml:16:9-24:20
	android:label
		ADDED from src/main/AndroidManifest.xml:18:13-45
	android:name
		ADDED from src/main/AndroidManifest.xml:17:13-45
intent-filter#android.intent.action.MAIN+android.intent.category.LAUNCHER
ADDED from src/main/AndroidManifest.xml:19:13-23:29
action#android.intent.action.MAIN
ADDED from src/main/AndroidManifest.xml:20:17-69
	android:name
		ADDED from src/main/AndroidManifest.xml:20:25-66
category#android.intent.category.LAUNCHER
ADDED from src/main/AndroidManifest.xml:22:17-77
	android:name
		ADDED from src/main/AndroidManifest.xml:22:27-74
service#com.archermind.aidl.MyService
ADDED from src/main/AndroidManifest.xml:26:9-29:47
	android:enabled
		ADDED from src/main/AndroidManifest.xml:28:13-35
	android:exported
		ADDED from src/main/AndroidManifest.xml:29:13-36
	android:name
		ADDED from src/main/AndroidManifest.xml:27:13-38